<?xml version="1.0" encoding="UTF-8"?>
<testsuite name="com.chuckwagon.ChuckWagonApplicationTests" tests="7" skipped="0" failures="1" errors="0" timestamp="2016-04-12T16:16:18" hostname="OTR.local" time="0.699">
  <properties/>
  <testcase name="aCreateVendorTest" classname="com.chuckwagon.ChuckWagonApplicationTests" time="0.363">
    <failure message="java.lang.AssertionError" type="java.lang.AssertionError">java.lang.AssertionError
	at org.junit.Assert.fail(Assert.java:86)
	at org.junit.Assert.assertTrue(Assert.java:41)
	at org.junit.Assert.assertTrue(Assert.java:52)
	at com.chuckwagon.ChuckWagonApplicationTests.aCreateVendorTest(ChuckWagonApplicationTests.java:74)
	at sun.reflect.NativeMethodAccessorImpl.invoke0(Native Method)
	at sun.reflect.NativeMethodAccessorImpl.invoke(NativeMethodAccessorImpl.java:62)
	at sun.reflect.DelegatingMethodAccessorImpl.invoke(DelegatingMethodAccessorImpl.java:43)
	at java.lang.reflect.Method.invoke(Method.java:497)
	at org.junit.runners.model.FrameworkMethod$1.runReflectiveCall(FrameworkMethod.java:50)
	at org.junit.internal.runners.model.ReflectiveCallable.run(ReflectiveCallable.java:12)
	at org.junit.runners.model.FrameworkMethod.invokeExplosively(FrameworkMethod.java:47)
	at org.junit.internal.runners.statements.InvokeMethod.evaluate(InvokeMethod.java:17)
	at org.junit.internal.runners.statements.RunBefores.evaluate(RunBefores.java:26)
	at org.springframework.test.context.junit4.statements.RunBeforeTestMethodCallbacks.evaluate(RunBeforeTestMethodCallbacks.java:75)
	at org.springframework.test.context.junit4.statements.RunAfterTestMethodCallbacks.evaluate(RunAfterTestMethodCallbacks.java:86)
	at org.springframework.test.context.junit4.statements.SpringRepeat.evaluate(SpringRepeat.java:84)
	at org.junit.runners.ParentRunner.runLeaf(ParentRunner.java:325)
	at org.springframework.test.context.junit4.SpringJUnit4ClassRunner.runChild(SpringJUnit4ClassRunner.java:254)
	at org.springframework.test.context.junit4.SpringJUnit4ClassRunner.runChild(SpringJUnit4ClassRunner.java:89)
	at org.junit.runners.ParentRunner$3.run(ParentRunner.java:290)
	at org.junit.runners.ParentRunner$1.schedule(ParentRunner.java:71)
	at org.junit.runners.ParentRunner.runChildren(ParentRunner.java:288)
	at org.junit.runners.ParentRunner.access$000(ParentRunner.java:58)
	at org.junit.runners.ParentRunner$2.evaluate(ParentRunner.java:268)
	at org.springframework.test.context.junit4.statements.RunBeforeTestClassCallbacks.evaluate(RunBeforeTestClassCallbacks.java:61)
	at org.springframework.test.context.junit4.statements.RunAfterTestClassCallbacks.evaluate(RunAfterTestClassCallbacks.java:70)
	at org.junit.runners.ParentRunner.run(ParentRunner.java:363)
	at org.springframework.test.context.junit4.SpringJUnit4ClassRunner.run(SpringJUnit4ClassRunner.java:193)
	at org.gradle.api.internal.tasks.testing.junit.JUnitTestClassExecuter.runTestClass(JUnitTestClassExecuter.java:105)
	at org.gradle.api.internal.tasks.testing.junit.JUnitTestClassExecuter.execute(JUnitTestClassExecuter.java:56)
	at org.gradle.api.internal.tasks.testing.junit.JUnitTestClassProcessor.processTestClass(JUnitTestClassProcessor.java:64)
	at org.gradle.api.internal.tasks.testing.SuiteTestClassProcessor.processTestClass(SuiteTestClassProcessor.java:50)
	at sun.reflect.NativeMethodAccessorImpl.invoke0(Native Method)
	at sun.reflect.NativeMethodAccessorImpl.invoke(NativeMethodAccessorImpl.java:62)
	at sun.reflect.DelegatingMethodAccessorImpl.invoke(DelegatingMethodAccessorImpl.java:43)
	at java.lang.reflect.Method.invoke(Method.java:497)
	at org.gradle.messaging.dispatch.ReflectionDispatch.dispatch(ReflectionDispatch.java:35)
	at org.gradle.messaging.dispatch.ReflectionDispatch.dispatch(ReflectionDispatch.java:24)
	at org.gradle.messaging.dispatch.ContextClassLoaderDispatch.dispatch(ContextClassLoaderDispatch.java:32)
	at org.gradle.messaging.dispatch.ProxyDispatchAdapter$DispatchingInvocationHandler.invoke(ProxyDispatchAdapter.java:93)
	at com.sun.proxy.$Proxy2.processTestClass(Unknown Source)
	at org.gradle.api.internal.tasks.testing.worker.TestWorker.processTestClass(TestWorker.java:106)
	at sun.reflect.NativeMethodAccessorImpl.invoke0(Native Method)
	at sun.reflect.NativeMethodAccessorImpl.invoke(NativeMethodAccessorImpl.java:62)
	at sun.reflect.DelegatingMethodAccessorImpl.invoke(DelegatingMethodAccessorImpl.java:43)
	at java.lang.reflect.Method.invoke(Method.java:497)
	at org.gradle.messaging.dispatch.ReflectionDispatch.dispatch(ReflectionDispatch.java:35)
	at org.gradle.messaging.dispatch.ReflectionDispatch.dispatch(ReflectionDispatch.java:24)
	at org.gradle.messaging.remote.internal.hub.MessageHub$Handler.run(MessageHub.java:360)
	at org.gradle.internal.concurrent.ExecutorPolicy$CatchAndRecordFailures.onExecute(ExecutorPolicy.java:54)
	at org.gradle.internal.concurrent.StoppableExecutorImpl$1.run(StoppableExecutorImpl.java:40)
	at java.util.concurrent.ThreadPoolExecutor.runWorker(ThreadPoolExecutor.java:1142)
	at java.util.concurrent.ThreadPoolExecutor$Worker.run(ThreadPoolExecutor.java:617)
	at java.lang.Thread.run(Thread.java:745)
</failure>
  </testcase>
  <testcase name="bLoginTest" classname="com.chuckwagon.ChuckWagonApplicationTests" time="0.163"/>
  <testcase name="cEditVendorFileUploadTest" classname="com.chuckwagon.ChuckWagonApplicationTests" time="0.05"/>
  <testcase name="eCreateMenuTest" classname="com.chuckwagon.ChuckWagonApplicationTests" time="0.018"/>
  <testcase name="fAddLocationTest" classname="com.chuckwagon.ChuckWagonApplicationTests" time="0.043"/>
  <testcase name="gEditLocationTest" classname="com.chuckwagon.ChuckWagonApplicationTests" time="0.023"/>
  <testcase name="zDeleteVendorTest" classname="com.chuckwagon.ChuckWagonApplicationTests" time="0.029"/>
  <system-out><![CDATA[12:16:11.439 [Test worker] DEBUG o.s.t.c.j.SpringJUnit4ClassRunner - SpringJUnit4ClassRunner constructor called with [class com.chuckwagon.ChuckWagonApplicationTests]
12:16:11.446 [Test worker] DEBUG o.s.test.context.BootstrapUtils - Instantiating CacheAwareContextLoaderDelegate from class [org.springframework.test.context.cache.DefaultCacheAwareContextLoaderDelegate]
12:16:11.453 [Test worker] DEBUG o.s.test.context.BootstrapUtils - Instantiating BootstrapContext using constructor [public org.springframework.test.context.support.DefaultBootstrapContext(java.lang.Class,org.springframework.test.context.CacheAwareContextLoaderDelegate)]
12:16:11.466 [Test worker] DEBUG o.s.test.context.BootstrapUtils - Instantiating TestContextBootstrapper for test class [com.chuckwagon.ChuckWagonApplicationTests] from class [org.springframework.test.context.web.WebTestContextBootstrapper]
12:16:11.503 [Test worker] DEBUG o.s.t.c.w.WebTestContextBootstrapper - Found explicit ContextLoader class [org.springframework.boot.test.SpringApplicationContextLoader] for context configuration attributes [ContextConfigurationAttributes@50742be4 declaringClass = 'com.chuckwagon.ChuckWagonApplicationTests', classes = '{class com.chuckwagon.ChuckWagonApplication}', locations = '{}', inheritLocations = true, initializers = '{}', inheritInitializers = true, name = [null], contextLoaderClass = 'org.springframework.boot.test.SpringApplicationContextLoader']
12:16:11.511 [Test worker] DEBUG o.s.t.c.s.AbstractContextLoader - Did not detect default resource location for test class [com.chuckwagon.ChuckWagonApplicationTests]: class path resource [com/chuckwagon/ChuckWagonApplicationTests-context.xml] does not exist
12:16:11.512 [Test worker] DEBUG o.s.t.c.s.AbstractContextLoader - Did not detect default resource location for test class [com.chuckwagon.ChuckWagonApplicationTests]: class path resource [com/chuckwagon/ChuckWagonApplicationTestsContext.groovy] does not exist
12:16:11.513 [Test worker] INFO  o.s.t.c.s.AbstractContextLoader - Could not detect default resource locations for test class [com.chuckwagon.ChuckWagonApplicationTests]: no resource found for suffixes {-context.xml, Context.groovy}.
12:16:11.516 [Test worker] DEBUG o.s.t.c.support.ActiveProfilesUtils - Could not find an 'annotation declaring class' for annotation type [org.springframework.test.context.ActiveProfiles] and class [com.chuckwagon.ChuckWagonApplicationTests]
12:16:11.523 [Test worker] DEBUG o.s.t.c.w.WebTestContextBootstrapper - @TestExecutionListeners is not present for class [com.chuckwagon.ChuckWagonApplicationTests]: using defaults.
12:16:11.532 [Test worker] INFO  o.s.t.c.w.WebTestContextBootstrapper - Loaded default TestExecutionListener class names from location [META-INF/spring.factories]: [org.springframework.test.context.web.ServletTestExecutionListener, org.springframework.test.context.support.DirtiesContextBeforeModesTestExecutionListener, org.springframework.test.context.support.DependencyInjectionTestExecutionListener, org.springframework.test.context.support.DirtiesContextTestExecutionListener, org.springframework.test.context.transaction.TransactionalTestExecutionListener, org.springframework.test.context.jdbc.SqlScriptsTestExecutionListener]
12:16:11.555 [Test worker] INFO  o.s.t.c.w.WebTestContextBootstrapper - Using TestExecutionListeners: [org.springframework.test.context.web.ServletTestExecutionListener@2cb22481, org.springframework.test.context.support.DirtiesContextBeforeModesTestExecutionListener@23b89339, org.springframework.test.context.support.DependencyInjectionTestExecutionListener@61e0fa43, org.springframework.test.context.support.DirtiesContextTestExecutionListener@2c369051, org.springframework.test.context.transaction.TransactionalTestExecutionListener@111d3f7a, org.springframework.test.context.jdbc.SqlScriptsTestExecutionListener@765b473b]
12:16:11.557 [Test worker] DEBUG o.s.t.annotation.ProfileValueUtils - Retrieved @ProfileValueSourceConfiguration [null] for test class [com.chuckwagon.ChuckWagonApplicationTests]
12:16:11.558 [Test worker] DEBUG o.s.t.annotation.ProfileValueUtils - Retrieved ProfileValueSource type [class org.springframework.test.annotation.SystemProfileValueSource] for class [com.chuckwagon.ChuckWagonApplicationTests]
12:16:11.559 [Test worker] DEBUG o.s.t.annotation.ProfileValueUtils - Retrieved @ProfileValueSourceConfiguration [null] for test class [com.chuckwagon.ChuckWagonApplicationTests]
12:16:11.559 [Test worker] DEBUG o.s.t.annotation.ProfileValueUtils - Retrieved ProfileValueSource type [class org.springframework.test.annotation.SystemProfileValueSource] for class [com.chuckwagon.ChuckWagonApplicationTests]
12:16:11.563 [Test worker] DEBUG o.s.t.c.s.AbstractDirtiesContextTestExecutionListener - Before test class: context [DefaultTestContext@77422c05 testClass = ChuckWagonApplicationTests, testInstance = [null], testMethod = [null], testException = [null], mergedContextConfiguration = [WebMergedContextConfiguration@300f89cd testClass = ChuckWagonApplicationTests, locations = '{}', classes = '{class com.chuckwagon.ChuckWagonApplication}', contextInitializerClasses = '[]', activeProfiles = '{}', propertySourceLocations = '{}', propertySourceProperties = '{}', resourceBasePath = 'src/main/webapp', contextLoader = 'org.springframework.boot.test.SpringApplicationContextLoader', parent = [null]]], class annotated with @DirtiesContext [false] with mode [null].
12:16:11.565 [Test worker] DEBUG o.s.t.annotation.ProfileValueUtils - Retrieved @ProfileValueSourceConfiguration [null] for test class [com.chuckwagon.ChuckWagonApplicationTests]
12:16:11.565 [Test worker] DEBUG o.s.t.annotation.ProfileValueUtils - Retrieved ProfileValueSource type [class org.springframework.test.annotation.SystemProfileValueSource] for class [com.chuckwagon.ChuckWagonApplicationTests]
12:16:11.649 [Test worker] DEBUG o.s.core.env.StandardEnvironment - Adding [systemProperties] PropertySource with lowest search precedence
12:16:11.651 [Test worker] DEBUG o.s.core.env.StandardEnvironment - Adding [systemEnvironment] PropertySource with lowest search precedence
12:16:11.652 [Test worker] DEBUG o.s.core.env.StandardEnvironment - Initialized StandardEnvironment with PropertySources [systemProperties,systemEnvironment]
12:16:11.653 [Test worker] DEBUG o.s.core.env.StandardEnvironment - Adding [integrationTest] PropertySource with search precedence immediately lower than [systemEnvironment]

  .   ____          _            __ _ _
 /\\ / ___'_ __ _ _(_)_ __  __ _ \ \ \ \
( ( )\___ | '_ | '_| | '_ \/ _` | \ \ \ \
 \\/  ___)| |_)| | | | | || (_| |  ) ) ) )
  '  |____| .__|_| |_|_| |_\__, | / / / /
 =========|_|==============|___/=/_/_/_/
 :: Spring Boot ::             (v1.4.0.M1)

2016-04-12 12:16:11.958  INFO 1408 --- [    Test worker] c.chuckwagon.ChuckWagonApplicationTests  : Starting ChuckWagonApplicationTests on OTR.local with PID 1408 (/Users/branden/ChuckWagon/build/classes/test started by branden in /Users/branden/ChuckWagon)
2016-04-12 12:16:11.959  INFO 1408 --- [    Test worker] c.chuckwagon.ChuckWagonApplicationTests  : No active profile set, falling back to default profiles: default
2016-04-12 12:16:12.045  INFO 1408 --- [    Test worker] o.s.w.c.s.GenericWebApplicationContext   : Refreshing org.springframework.web.context.support.GenericWebApplicationContext@27bb0932: startup date [Tue Apr 12 12:16:12 EDT 2016]; root of context hierarchy
2016-04-12 12:16:13.110  INFO 1408 --- [    Test worker] o.s.b.f.s.DefaultListableBeanFactory     : Overriding bean definition for bean 'beanNameViewResolver' with a different definition: replacing [Root bean: class [null]; scope=; abstract=false; lazyInit=false; autowireMode=3; dependencyCheck=0; autowireCandidate=true; primary=false; factoryBeanName=org.springframework.boot.autoconfigure.web.ErrorMvcAutoConfiguration$WhitelabelErrorViewConfiguration; factoryMethodName=beanNameViewResolver; initMethodName=null; destroyMethodName=(inferred); defined in class path resource [org/springframework/boot/autoconfigure/web/ErrorMvcAutoConfiguration$WhitelabelErrorViewConfiguration.class]] with [Root bean: class [null]; scope=; abstract=false; lazyInit=false; autowireMode=3; dependencyCheck=0; autowireCandidate=true; primary=false; factoryBeanName=org.springframework.boot.autoconfigure.web.WebMvcAutoConfiguration$WebMvcAutoConfigurationAdapter; factoryMethodName=beanNameViewResolver; initMethodName=null; destroyMethodName=(inferred); defined in class path resource [org/springframework/boot/autoconfigure/web/WebMvcAutoConfiguration$WebMvcAutoConfigurationAdapter.class]]
2016-04-12 12:16:13.740  INFO 1408 --- [    Test worker] trationDelegate$BeanPostProcessorChecker : Bean 'org.springframework.transaction.annotation.ProxyTransactionManagementConfiguration' of type [class org.springframework.transaction.annotation.ProxyTransactionManagementConfiguration$$EnhancerBySpringCGLIB$$4b47be4d] is not eligible for getting processed by all BeanPostProcessors (for example: not eligible for auto-proxying)
2016-04-12 12:16:14.367  INFO 1408 --- [    Test worker] j.LocalContainerEntityManagerFactoryBean : Building JPA container EntityManagerFactory for persistence unit 'default'
2016-04-12 12:16:14.403  INFO 1408 --- [    Test worker] o.hibernate.jpa.internal.util.LogHelper  : HHH000204: Processing PersistenceUnitInfo [
	name: default
	...]
2016-04-12 12:16:14.518  INFO 1408 --- [    Test worker] org.hibernate.Version                    : HHH000412: Hibernate Core {4.3.11.Final}
2016-04-12 12:16:14.522  INFO 1408 --- [    Test worker] org.hibernate.cfg.Environment            : HHH000206: hibernate.properties not found
2016-04-12 12:16:14.528  INFO 1408 --- [    Test worker] org.hibernate.cfg.Environment            : HHH000021: Bytecode provider name : javassist
2016-04-12 12:16:14.800  INFO 1408 --- [    Test worker] o.hibernate.annotations.common.Version   : HCANN000001: Hibernate Commons Annotations {4.0.5.Final}
2016-04-12 12:16:15.079  INFO 1408 --- [    Test worker] org.hibernate.dialect.Dialect            : HHH000400: Using dialect: org.hibernate.dialect.H2Dialect
2016-04-12 12:16:15.340  INFO 1408 --- [    Test worker] o.h.h.i.ast.ASTQueryTranslatorFactory    : HHH000397: Using ASTQueryTranslatorFactory
2016-04-12 12:16:15.624  INFO 1408 --- [    Test worker] org.hibernate.tool.hbm2ddl.SchemaUpdate  : HHH000228: Running hbm2ddl schema update
2016-04-12 12:16:15.624  INFO 1408 --- [    Test worker] org.hibernate.tool.hbm2ddl.SchemaUpdate  : HHH000102: Fetching database metadata
2016-04-12 12:16:15.625  INFO 1408 --- [    Test worker] org.hibernate.tool.hbm2ddl.SchemaUpdate  : HHH000396: Updating schema
2016-04-12 12:16:15.634  INFO 1408 --- [    Test worker] java.sql.DatabaseMetaData                : HHH000262: Table not found: location
2016-04-12 12:16:15.638  INFO 1408 --- [    Test worker] java.sql.DatabaseMetaData                : HHH000262: Table not found: menu
2016-04-12 12:16:15.640  INFO 1408 --- [    Test worker] java.sql.DatabaseMetaData                : HHH000262: Table not found: tag
2016-04-12 12:16:15.641  INFO 1408 --- [    Test worker] java.sql.DatabaseMetaData                : HHH000262: Table not found: vendor
2016-04-12 12:16:15.642  INFO 1408 --- [    Test worker] java.sql.DatabaseMetaData                : HHH000262: Table not found: location
2016-04-12 12:16:15.644  INFO 1408 --- [    Test worker] java.sql.DatabaseMetaData                : HHH000262: Table not found: menu
2016-04-12 12:16:15.645  INFO 1408 --- [    Test worker] java.sql.DatabaseMetaData                : HHH000262: Table not found: tag
2016-04-12 12:16:15.646  INFO 1408 --- [    Test worker] java.sql.DatabaseMetaData                : HHH000262: Table not found: vendor
2016-04-12 12:16:15.648  INFO 1408 --- [    Test worker] java.sql.DatabaseMetaData                : HHH000262: Table not found: location
2016-04-12 12:16:15.649  INFO 1408 --- [    Test worker] java.sql.DatabaseMetaData                : HHH000262: Table not found: menu
2016-04-12 12:16:15.651  INFO 1408 --- [    Test worker] java.sql.DatabaseMetaData                : HHH000262: Table not found: tag
2016-04-12 12:16:15.652  INFO 1408 --- [    Test worker] java.sql.DatabaseMetaData                : HHH000262: Table not found: vendor
2016-04-12 12:16:15.677  INFO 1408 --- [    Test worker] org.hibernate.tool.hbm2ddl.SchemaUpdate  : HHH000232: Schema update complete
2016-04-12 12:16:17.624  INFO 1408 --- [    Test worker] s.w.s.m.m.a.RequestMappingHandlerAdapter : Looking for @ControllerAdvice: org.springframework.web.context.support.GenericWebApplicationContext@27bb0932: startup date [Tue Apr 12 12:16:12 EDT 2016]; root of context hierarchy
2016-04-12 12:16:17.734  INFO 1408 --- [    Test worker] s.w.s.m.m.a.RequestMappingHandlerMapping : Mapped "{[/vendor/{id}/menu],methods=[POST]}" onto public org.springframework.http.ResponseEntity<?> com.chuckwagon.controllers.ChuckWagonController.addMenuToVendor(java.lang.Integer,org.springframework.web.multipart.MultipartFile,java.lang.String,javax.servlet.http.HttpSession) throws java.io.IOException
2016-04-12 12:16:17.739  INFO 1408 --- [    Test worker] s.w.s.m.m.a.RequestMappingHandlerMapping : Mapped "{[/vendor],methods=[POST]}" onto public org.springframework.http.ResponseEntity<?> com.chuckwagon.controllers.ChuckWagonController.addVendor(com.chuckwagon.entities.Vendor) throws com.chuckwagon.utils.PasswordStorage$CannotPerformOperationException
2016-04-12 12:16:17.740  INFO 1408 --- [    Test worker] s.w.s.m.m.a.RequestMappingHandlerMapping : Mapped "{[/vendor/{id}],methods=[GET]}" onto public org.springframework.http.ResponseEntity<?> com.chuckwagon.controllers.ChuckWagonController.getVendor(java.lang.Integer)
2016-04-12 12:16:17.741  INFO 1408 --- [    Test worker] s.w.s.m.m.a.RequestMappingHandlerMapping : Mapped "{[/vendor/{id}],methods=[PUT]}" onto public org.springframework.http.ResponseEntity<?> com.chuckwagon.controllers.ChuckWagonController.updateVendor(java.lang.Integer,java.util.HashMap<java.lang.String, java.lang.String>)
2016-04-12 12:16:17.742  INFO 1408 --- [    Test worker] s.w.s.m.m.a.RequestMappingHandlerMapping : Mapped "{[/vendor/{id}/photo],methods=[POST]}" onto public org.springframework.http.ResponseEntity<?> com.chuckwagon.controllers.ChuckWagonController.updateVendor(java.lang.Integer,org.springframework.web.multipart.MultipartFile) throws java.io.IOException
2016-04-12 12:16:17.744  INFO 1408 --- [    Test worker] s.w.s.m.m.a.RequestMappingHandlerMapping : Mapped "{[/vendor/{id}],methods=[DELETE]}" onto public org.springframework.http.ResponseEntity<?> com.chuckwagon.controllers.ChuckWagonController.deleteVendor(java.lang.Integer,javax.servlet.http.HttpSession)
2016-04-12 12:16:17.745  INFO 1408 --- [    Test worker] s.w.s.m.m.a.RequestMappingHandlerMapping : Mapped "{[/vendor/{id}/location],methods=[POST]}" onto public org.springframework.http.ResponseEntity<?> com.chuckwagon.controllers.ChuckWagonController.addVendorLocation(java.lang.Integer,com.chuckwagon.entities.Location)
2016-04-12 12:16:17.746  INFO 1408 --- [    Test worker] s.w.s.m.m.a.RequestMappingHandlerMapping : Mapped "{[/{Location}],methods=[GET]}" onto public java.util.List<com.chuckwagon.entities.Vendor> com.chuckwagon.controllers.ChuckWagonController.vendorByLocation(com.chuckwagon.entities.Location)
2016-04-12 12:16:17.747  INFO 1408 --- [    Test worker] s.w.s.m.m.a.RequestMappingHandlerMapping : Mapped "{[/**],methods=[OPTIONS]}" onto public void com.chuckwagon.controllers.ChuckWagonController.manageOptions(javax.servlet.http.HttpServletResponse)
2016-04-12 12:16:17.748  INFO 1408 --- [    Test worker] s.w.s.m.m.a.RequestMappingHandlerMapping : Mapped "{[/vendor/login],methods=[POST]}" onto public org.springframework.http.ResponseEntity<?> com.chuckwagon.controllers.ChuckWagonController.login(java.util.HashMap) throws com.chuckwagon.utils.PasswordStorage$InvalidHashException,com.chuckwagon.utils.PasswordStorage$CannotPerformOperationException
2016-04-12 12:16:17.748  INFO 1408 --- [    Test worker] s.w.s.m.m.a.RequestMappingHandlerMapping : Mapped "{[/vendor/{id}/logout],methods=[POST]}" onto public org.springframework.http.ResponseEntity<?> com.chuckwagon.controllers.ChuckWagonController.logout(javax.servlet.http.HttpSession,java.lang.Integer)
2016-04-12 12:16:17.750  INFO 1408 --- [    Test worker] s.w.s.m.m.a.RequestMappingHandlerMapping : Mapped "{[/error]}" onto public org.springframework.http.ResponseEntity<java.util.Map<java.lang.String, java.lang.Object>> org.springframework.boot.autoconfigure.web.BasicErrorController.error(javax.servlet.http.HttpServletRequest)
2016-04-12 12:16:17.751  INFO 1408 --- [    Test worker] s.w.s.m.m.a.RequestMappingHandlerMapping : Mapped "{[/error],produces=[text/html]}" onto public org.springframework.web.servlet.ModelAndView org.springframework.boot.autoconfigure.web.BasicErrorController.errorHtml(javax.servlet.http.HttpServletRequest,javax.servlet.http.HttpServletResponse)
2016-04-12 12:16:17.793  INFO 1408 --- [    Test worker] o.s.w.s.handler.SimpleUrlHandlerMapping  : Mapped URL path [/webjars/**] onto handler of type [class org.springframework.web.servlet.resource.ResourceHttpRequestHandler]
2016-04-12 12:16:17.794  INFO 1408 --- [    Test worker] o.s.w.s.handler.SimpleUrlHandlerMapping  : Mapped URL path [/**] onto handler of type [class org.springframework.web.servlet.resource.ResourceHttpRequestHandler]
2016-04-12 12:16:17.848  INFO 1408 --- [    Test worker] o.s.w.s.handler.SimpleUrlHandlerMapping  : Mapped URL path [/**/favicon.ico] onto handler of type [class org.springframework.web.servlet.resource.ResourceHttpRequestHandler]
2016-04-12 12:16:18.190  INFO 1408 --- [    Test worker] c.chuckwagon.ChuckWagonApplicationTests  : Started ChuckWagonApplicationTests in 6.525 seconds (JVM running for 7.762)
2016-04-12 12:16:18.223  INFO 1408 --- [    Test worker] o.s.b.test.SpringBootMockServletContext  : Initializing Spring FrameworkServlet ''
2016-04-12 12:16:18.224  INFO 1408 --- [    Test worker] o.s.t.web.servlet.TestDispatcherServlet  : FrameworkServlet '': initialization started
2016-04-12 12:16:18.249  INFO 1408 --- [    Test worker] o.s.t.web.servlet.TestDispatcherServlet  : FrameworkServlet '': initialization completed in 25 ms
2016-04-12 12:16:18.575  INFO 1408 --- [    Test worker] o.s.b.test.SpringBootMockServletContext  : Initializing Spring FrameworkServlet ''
2016-04-12 12:16:18.575  INFO 1408 --- [    Test worker] o.s.t.web.servlet.TestDispatcherServlet  : FrameworkServlet '': initialization started
2016-04-12 12:16:18.580  INFO 1408 --- [    Test worker] o.s.t.web.servlet.TestDispatcherServlet  : FrameworkServlet '': initialization completed in 5 ms
2016-04-12 12:16:18.742  INFO 1408 --- [    Test worker] o.s.b.test.SpringBootMockServletContext  : Initializing Spring FrameworkServlet ''
2016-04-12 12:16:18.743  INFO 1408 --- [    Test worker] o.s.t.web.servlet.TestDispatcherServlet  : FrameworkServlet '': initialization started
2016-04-12 12:16:18.747  INFO 1408 --- [    Test worker] o.s.t.web.servlet.TestDispatcherServlet  : FrameworkServlet '': initialization completed in 4 ms
2016-04-12 12:16:18.793  INFO 1408 --- [    Test worker] o.s.b.test.SpringBootMockServletContext  : Initializing Spring FrameworkServlet ''
2016-04-12 12:16:18.794  INFO 1408 --- [    Test worker] o.s.t.web.servlet.TestDispatcherServlet  : FrameworkServlet '': initialization started
2016-04-12 12:16:18.797  INFO 1408 --- [    Test worker] o.s.t.web.servlet.TestDispatcherServlet  : FrameworkServlet '': initialization completed in 3 ms
Menu{id=1, vendor=com.chuckwagon.entities.Vendor@4fff6e90, name='Monday', photoLocation='public/images/bonbanhmi/menus/image2756833312726545256imageFromClient.jpg'}
2016-04-12 12:16:18.812  INFO 1408 --- [    Test worker] o.s.b.test.SpringBootMockServletContext  : Initializing Spring FrameworkServlet ''
2016-04-12 12:16:18.813  INFO 1408 --- [    Test worker] o.s.t.web.servlet.TestDispatcherServlet  : FrameworkServlet '': initialization started
2016-04-12 12:16:18.815  INFO 1408 --- [    Test worker] o.s.t.web.servlet.TestDispatcherServlet  : FrameworkServlet '': initialization completed in 2 ms
2016-04-12 12:16:18.857  INFO 1408 --- [    Test worker] o.s.b.test.SpringBootMockServletContext  : Initializing Spring FrameworkServlet ''
2016-04-12 12:16:18.857  INFO 1408 --- [    Test worker] o.s.t.web.servlet.TestDispatcherServlet  : FrameworkServlet '': initialization started
2016-04-12 12:16:18.861  INFO 1408 --- [    Test worker] o.s.t.web.servlet.TestDispatcherServlet  : FrameworkServlet '': initialization completed in 4 ms
2016-04-12 12:16:18.882  INFO 1408 --- [    Test worker] o.s.b.test.SpringBootMockServletContext  : Initializing Spring FrameworkServlet ''
2016-04-12 12:16:18.882  INFO 1408 --- [    Test worker] o.s.t.web.servlet.TestDispatcherServlet  : FrameworkServlet '': initialization started
2016-04-12 12:16:18.887  INFO 1408 --- [    Test worker] o.s.t.web.servlet.TestDispatcherServlet  : FrameworkServlet '': initialization completed in 5 ms
]]></system-out>
  <system-err><![CDATA[]]></system-err>
</testsuite>
